<?xml version="1.0" encoding="UTF-8"?>
<testsuite xmlns:xsi="http://www.w3.org/2001/XMLSchema-instance" xsi:noNamespaceSchemaLocation="https://maven.apache.org/surefire/maven-surefire-plugin/xsd/surefire-test-report-3.0.xsd" version="3.0" name="DesignateAngularSpeedTest" time="0.009" tests="5" errors="0" skipped="0" failures="0">
  <properties>
[...]
</properties>
  <testcase name="returnAngularSpeedGreaterThanZeroAndCurrentIsLessThanExpected" classname="DesignateAngularSpeedTest" time="0.001"/>
  <testcase name="returnAngularSpeedEqualsZero" classname="DesignateAngularSpeedTest" time="0.001"/>
  <testcase name="returnAngularSpeedGreaterThanZeroAndCurrentIsGreaterThanExpected" classname="DesignateAngularSpeedTest" time="0.001"/>
  <testcase name="returnAngularSpeedLessThanZeroAndCurrentIsGreaterThanExpected" classname="DesignateAngularSpeedTest" time="0.001"/>
  <testcase name="returnAngularSpeedLessThanZeroAndCurrentIsLessThanExpected" classname="DesignateAngularSpeedTest" time="0.001"/>
</testsuite>